<?xml version="1.0" encoding="UTF-8"?>
<!-- Generated by org.testng.reporters.JUnitXMLReporter -->
<testsuite ignored="0" hostname="DESKTOP-FHM8NK9" failures="1" tests="1" name="parellelAndCrossBrowser" time="0.094" errors="0" timestamp="2024-05-08T12:05:55 IST">
  <testcase classname="webElements.SelectAutosuggest" name="scenario1" time="0.0">
    <failure type="org.testng.TestNGException" message="
Parameter &amp;apos;browser&amp;apos; is required by @Test on method scenario1 but has not been marked @Optional or defined
in V:\remoteWorspace\PracticeWebElements\testng.xml">
      <![CDATA[org.testng.TestNGException: 
Parameter 'browser' is required by @Test on method scenario1 but has not been marked @Optional or defined
in V:\remoteWorspace\PracticeWebElements\testng.xml
at java.base/java.util.ArrayList.forEach(ArrayList.java:1511)
... Removed 26 stack frames]]>
    </failure>
  </testcase> <!-- scenario1 -->
</testsuite> <!-- parellelAndCrossBrowser -->
